<?xml version="1.0" encoding="UTF-8"?>
<!-- Generated by org.testng.reporters.JUnitReportReporter -->
<testsuite hostname="Anushka-kushawaha" failures="0" tests="1" name="eCommerceProject.FlipKart" time="22.341" errors="0" timestamp="2023-07-28T14:27:33 IST" skipped="0">
  <testcase classname="eCommerceProject.FlipKart" name="flipkartTest" time="22.341"/>
  <system-out>
    <![CDATA[opening flipkart]]>
  </system-out>
</testsuite> <!-- eCommerceProject.FlipKart -->
