<?xml version="1.0" encoding="UTF-8"?>
<!-- Generated by org.testng.reporters.JUnitReportReporter -->
<testsuite hostname="Anushka-kushawaha" failures="0" tests="1" name="eCommerceProject.Amazon" time="13.779" errors="0" timestamp="2023-07-28T14:27:33 IST" skipped="0">
  <testcase classname="eCommerceProject.Amazon" name="amazonTest" time="13.779"/>
  <system-out>
    <![CDATA[opening amazon]]>
  </system-out>
</testsuite> <!-- eCommerceProject.Amazon -->
